<?xml version="1.0" encoding="UTF-8"?>
<!-- Generated by org.testng.reporters.JUnitXMLReporter -->
<testsuite hostname="hp" name="Default test" tests="6" failures="0" timestamp="7 May 2020 09:13:30 GMT" time="21.436" errors="0">
  <testcase name="getCategories" time="8.364" classname="com.zomato.Test.GetResturant"/>
  <testcase name="GetCityID" time="1.972" classname="com.zomato.Test.GetResturant"/>
  <testcase name="getCityCuisines" time="2.228" classname="com.zomato.Test.GetResturant"/>
  <testcase name="getEstablishments" time="2.426" classname="com.zomato.Test.GetResturant"/>
  <testcase name="getResturantID" time="1.997" classname="com.zomato.Test.GetResturant"/>
  <testcase name="getReviewsAndTakeDesicionGoOrNoGo" time="1.925" classname="com.zomato.Test.GetResturant"/>
</testsuite> <!-- Default test -->
