<?xml version="1.0" encoding="UTF-8"?>
<!-- Generated by org.testng.reporters.JUnitXMLReporter -->
<testsuite hostname="hp" name="GetResturant" tests="4" failures="0" timestamp="6 May 2020 21:53:32 GMT" time="13.213" errors="0">
  <testcase name="Cuisines" time="6.897" classname="com.zomato.Test.GetResturant"/>
  <testcase name="getCategories" time="2.168" classname="com.zomato.Test.GetResturant"/>
  <testcase name="getCityCuisines" time="0.953" classname="com.zomato.Test.GetResturant"/>
  <testcase name="getEstablishments" time="0.794" classname="com.zomato.Test.GetResturant"/>
</testsuite> <!-- GetResturant -->
